build/app/intermediates/manifest_merge_blame_file/release/manifest-merger-blame-release-report.txt
1<?xml version="1.0" encoding="utf-8"?>
2<manifest xmlns:android="http://schemas.android.com/apk/res/android"
3    package="com.example.recetarium"
4    android:versionCode="1"
5    android:versionName="1.0.0" >
6
7    <uses-sdk
8        android:minSdkVersion="21"
8-->src\main\AndroidManifest.xml
9        android:targetSdkVersion="28" />
9-->src\main\AndroidManifest.xml
10
11    <uses-permission android:name="android.permission.READ_EXTERNAL_STORAGE" />
11-->[:image_picker] AndroidManifest.xml:7:5-80
11-->[:image_picker] AndroidManifest.xml:7:22-77
12    <uses-permission android:name="android.permission.WRITE_EXTERNAL_STORAGE" />
12-->[:image_picker] AndroidManifest.xml:8:5-81
12-->[:image_picker] AndroidManifest.xml:8:22-78
13    <uses-permission android:name="android.permission.CAMERA" /> <!-- Don't require camera, as this requires a rear camera. This allows it to work on the Nexus 7 -->
13-->[com.journeyapps:zxing-android-embedded:3.5.0] AndroidManifest.xml:21:5-65
13-->[com.journeyapps:zxing-android-embedded:3.5.0] AndroidManifest.xml:21:22-62
14    <uses-feature
14-->[com.journeyapps:zxing-android-embedded:3.5.0] AndroidManifest.xml:24:5-26:36
15        android:name="android.hardware.camera"
15-->[com.journeyapps:zxing-android-embedded:3.5.0] AndroidManifest.xml:25:9-47
16        android:required="false" />
16-->[com.journeyapps:zxing-android-embedded:3.5.0] AndroidManifest.xml:26:9-33
17    <uses-feature
17-->[com.journeyapps:zxing-android-embedded:3.5.0] AndroidManifest.xml:27:5-29:36
18        android:name="android.hardware.camera.front"
18-->[com.journeyapps:zxing-android-embedded:3.5.0] AndroidManifest.xml:28:9-53
19        android:required="false" /> <!-- TODO replace above two with next line after Android 4.2 -->
19-->[com.journeyapps:zxing-android-embedded:3.5.0] AndroidManifest.xml:29:9-33
20    <!-- <uses-feature android:name="android.hardware.camera.any"/> -->
21    <uses-feature
21-->[com.journeyapps:zxing-android-embedded:3.5.0] AndroidManifest.xml:32:5-34:36
22        android:name="android.hardware.camera.autofocus"
22-->[com.journeyapps:zxing-android-embedded:3.5.0] AndroidManifest.xml:33:9-57
23        android:required="false" />
23-->[com.journeyapps:zxing-android-embedded:3.5.0] AndroidManifest.xml:34:9-33
24    <uses-feature
24-->[com.journeyapps:zxing-android-embedded:3.5.0] AndroidManifest.xml:35:5-37:36
25        android:name="android.hardware.camera.flash"
25-->[com.journeyapps:zxing-android-embedded:3.5.0] AndroidManifest.xml:36:9-53
26        android:required="false" />
26-->[com.journeyapps:zxing-android-embedded:3.5.0] AndroidManifest.xml:37:9-33
27    <uses-feature
27-->[com.journeyapps:zxing-android-embedded:3.5.0] AndroidManifest.xml:38:5-40:36
28        android:name="android.hardware.screen.landscape"
28-->[com.journeyapps:zxing-android-embedded:3.5.0] AndroidManifest.xml:39:9-57
29        android:required="false" />
29-->[com.journeyapps:zxing-android-embedded:3.5.0] AndroidManifest.xml:40:9-33
30    <uses-feature
30-->[com.journeyapps:zxing-android-embedded:3.5.0] AndroidManifest.xml:41:5-43:36
31        android:name="android.hardware.wifi"
31-->[com.journeyapps:zxing-android-embedded:3.5.0] AndroidManifest.xml:42:9-45
32        android:required="false" />
32-->[com.journeyapps:zxing-android-embedded:3.5.0] AndroidManifest.xml:43:9-33
33    <!--
34 io.flutter.app.FlutterApplication is an android.app.Application that
35         calls FlutterMain.startInitialization(this); in its onCreate method.
36         In most cases you can leave this as-is, but you if you want to provide
37         additional functionality it is fine to subclass or reimplement
38         FlutterApplication and put your custom class here.
39    -->
40    <application
40-->src\main\AndroidManifest.xml:8:5-29:19
41        android:name="io.flutter.app.FlutterApplication"
41-->src\main\AndroidManifest.xml:9:9-57
42        android:appComponentFactory="androidx.core.app.CoreComponentFactory"
42-->[androidx.core:core:1.0.2] AndroidManifest.xml:22:18-86
43        android:icon="@mipmap/ic_launcher"
43-->src\main\AndroidManifest.xml:11:9-43
44        android:label="recetarium" >
44-->src\main\AndroidManifest.xml:10:9-35
45        <activity
45-->src\main\AndroidManifest.xml:12:9-23:20
46            android:name="com.example.recetarium.MainActivity"
46-->src\main\AndroidManifest.xml:13:13-41
47            android:configChanges="orientation|keyboardHidden|keyboard|screenSize|smallestScreenSize|locale|layoutDirection|fontScale|screenLayout|density|uiMode"
47-->src\main\AndroidManifest.xml:16:13-163
48            android:hardwareAccelerated="true"
48-->src\main\AndroidManifest.xml:17:13-47
49            android:launchMode="singleTop"
49-->src\main\AndroidManifest.xml:14:13-43
50            android:theme="@style/LaunchTheme"
50-->src\main\AndroidManifest.xml:15:13-47
51            android:windowSoftInputMode="adjustResize" >
51-->src\main\AndroidManifest.xml:18:13-55
52            <intent-filter>
52-->src\main\AndroidManifest.xml:19:13-22:29
53                <action android:name="android.intent.action.MAIN" />
53-->src\main\AndroidManifest.xml:20:17-68
53-->src\main\AndroidManifest.xml:20:25-66
54
55                <category android:name="android.intent.category.LAUNCHER" />
55-->src\main\AndroidManifest.xml:21:17-76
55-->src\main\AndroidManifest.xml:21:27-74
56            </intent-filter>
57        </activity>
58        <!--
59             Don't delete the meta-data below.
60             This is used by the Flutter tool to generate GeneratedPluginRegistrant.java
61        -->
62        <meta-data
62-->src\main\AndroidManifest.xml:26:9-28:33
63            android:name="flutterEmbedding"
63-->src\main\AndroidManifest.xml:27:13-44
64            android:value="2" />
64-->src\main\AndroidManifest.xml:28:13-30
65
66        <provider
66-->[:image_picker] AndroidManifest.xml:11:9-19:20
67            android:name="io.flutter.plugins.imagepicker.ImagePickerFileProvider"
67-->[:image_picker] AndroidManifest.xml:12:13-82
68            android:authorities="com.example.recetarium.flutter.image_provider"
68-->[:image_picker] AndroidManifest.xml:13:13-74
69            android:exported="false"
69-->[:image_picker] AndroidManifest.xml:14:13-37
70            android:grantUriPermissions="true" >
70-->[:image_picker] AndroidManifest.xml:15:13-47
71            <meta-data
71-->[:image_picker] AndroidManifest.xml:16:13-18:75
72                android:name="android.support.FILE_PROVIDER_PATHS"
72-->[:image_picker] AndroidManifest.xml:17:17-67
73                android:resource="@xml/flutter_image_picker_file_paths" />
73-->[:image_picker] AndroidManifest.xml:18:17-72
74        </provider>
75
76        <activity
76-->[com.journeyapps:zxing-android-embedded:3.5.0] AndroidManifest.xml:46:9-52:63
77            android:name="com.journeyapps.barcodescanner.CaptureActivity"
77-->[com.journeyapps:zxing-android-embedded:3.5.0] AndroidManifest.xml:47:13-74
78            android:clearTaskOnLaunch="true"
78-->[com.journeyapps:zxing-android-embedded:3.5.0] AndroidManifest.xml:48:13-45
79            android:screenOrientation="sensorLandscape"
79-->[com.journeyapps:zxing-android-embedded:3.5.0] AndroidManifest.xml:49:13-56
80            android:stateNotNeeded="true"
80-->[com.journeyapps:zxing-android-embedded:3.5.0] AndroidManifest.xml:50:13-42
81            android:theme="@style/zxing_CaptureTheme"
81-->[com.journeyapps:zxing-android-embedded:3.5.0] AndroidManifest.xml:51:13-54
82            android:windowSoftInputMode="stateAlwaysHidden" />
82-->[com.journeyapps:zxing-android-embedded:3.5.0] AndroidManifest.xml:52:13-60
83    </application>
84
85</manifest>